

> @repo/admin@0.1.0 build
> next build

  [1m[38;2;173;127;168m▲ Next.js 14.2.0[39m[22m
  - Environments: .env.local

 [37m[1m [22m[39m Creating an optimized production build ...
Error: Cannot apply unknown utility class `border-border`. Are you using CSS modules or similar and missing `@reference`? https://tailwindcss.com/docs/functions-and-directives#reference-directive
    at onInvalidCandidate (/Users/marcosstevens/Desktop/CARPETAS/celest-personal-trainer/node_modules/tailwindcss/dist/lib.js:18:1332)
    at ge (/Users/marcosstevens/Desktop/CARPETAS/celest-personal-trainer/node_modules/tailwindcss/dist/lib.js:13:29888)
    at /Users/marcosstevens/Desktop/CARPETAS/celest-personal-trainer/node_modules/tailwindcss/dist/lib.js:18:373
    at L (/Users/marcosstevens/Desktop/CARPETAS/celest-personal-trainer/node_modules/tailwindcss/dist/lib.js:3:1656)
    at je (/Users/marcosstevens/Desktop/CARPETAS/celest-personal-trainer/node_modules/tailwindcss/dist/lib.js:18:172)
    at bi (/Users/marcosstevens/Desktop/CARPETAS/celest-personal-trainer/node_modules/tailwindcss/dist/lib.js:35:780)
    at process.processTicksAndRejections (node:internal/process/task_queues:95:5)
    at async yi (/Users/marcosstevens/Desktop/CARPETAS/celest-personal-trainer/node_modules/tailwindcss/dist/lib.js:35:1123)
    at async Or (/Users/marcosstevens/Desktop/CARPETAS/celest-personal-trainer/node_modules/@tailwindcss/node/dist/index.js:10:3384)
    at async W (/Users/marcosstevens/Desktop/CARPETAS/celest-personal-trainer/node_modules/@tailwindcss/postcss/dist/index.js:10:4048)
 [32m[1m✓[22m[39m Compiled successfully
 [37m[1m [22m[39m Skipping validation of types
 [37m[1m [22m[39m Skipping linting
[?25l [37m[1m [22m[39m Collecting page data  [36m.[39m[2K[1G [37m[1m [22m[39m Collecting page data  [36m..[39m[2K[1G[?25h [37m[1m [22m[39m Collecting page data     [32m[1m✓[22m[39m Collecting page data 
[?25l [37m[1m [22m[39m Generating static pages (0/10)  [36m[    ][39m[2K[1G [37m[1m [22m[39m Generating static pages (7/10)  [36m[=   ][39m[2K[1G[?25h [32m[1m✓[22m[39m Generating static pages (10/10)
[?25l [37m[1m [22m[39m Finalizing page optimization  [36m.[39m[?25l [37m[1m [22m[39m Collecting build traces  [36m.[39m[2K[1G [37m[1m [22m[39m Finalizing page optimization  [36m..[39m[2K[1G [37m[1m [22m[39m Collecting build traces  [36m..[39m[2K[1G [37m[1m [22m[39m Finalizing page optimization  [36m...[39m[2K[1G [37m[1m [22m[39m Collecting build traces  [36m...[39m[2K[1G [37m[1m [22m[39m Finalizing page optimization  [36m.[39m[2K[1G [37m[1m [22m[39m Collecting build traces  [36m.[39m[2K[1G [37m[1m [22m[39m Finalizing page optimization  [36m..[39m[2K[1G [37m[1m [22m[39m Collecting build traces  [36m..[39m[2K[1G [37m[1m [22m[39m Finalizing page optimization  [36m...[39m[2K[1G [37m[1m [22m[39m Collecting build traces  [36m...[39m[2K[1G [37m[1m [22m[39m Finalizing page optimization  [36m.[39m[2K[1G [37m[1m [22m[39m Collecting build traces  [36m.[39m[2K[1G [37m[1m [22m[39m Finalizing page optimization  [36m..[39m[2K[1G [37m[1m [22m[39m Collecting build traces  [36m..[39m[2K[1G [37m[1m [22m[39m Finalizing page optimization  [36m...[39m[2K[1G [37m[1m [22m[39m Collecting build traces  [36m...[39m[2K[1G [37m[1m [22m[39m Finalizing page optimization  [36m.[39m[2K[1G [37m[1m [22m[39m Collecting build traces  [36m.[39m[2K[1G [37m[1m [22m[39m Finalizing page optimization  [36m..[39m[2K[1G [37m[1m [22m[39m Collecting build traces  [36m..[39m[2K[1G [37m[1m [22m[39m Finalizing page optimization  [36m...[39m[2K[1G [37m[1m [22m[39m Collecting build traces  [36m...[39m[2K[1G[?25h [37m[1m [22m[39m Collecting build traces     [32m[1m✓[22m[39m Collecting build traces 
[2K[1G[?25h [37m[1m [22m[39m Finalizing page optimization     [32m[1m✓[22m[39m Finalizing page optimization 

[4mRoute (app)[24m                              [4mSize[24m     [4mFirst Load JS[24m
┌ ○ /                                    4.12 kB         [37m[1m106 kB[22m[39m
├ ○ /_not-found                          871 B          [37m[1m87.7 kB[22m[39m
├ ○ /payments                            5.28 kB         [37m[1m107 kB[22m[39m
├ ○ /plans                               3.78 kB         [37m[1m108 kB[22m[39m
├ ○ /reports                             4.19 kB         [37m[1m106 kB[22m[39m
├ ○ /settings                            5.54 kB         [37m[1m107 kB[22m[39m
└ ○ /students                            3 kB            [37m[1m107 kB[22m[39m
+ First Load JS shared by all            [37m[1m86.9 kB[22m[39m
  ├ chunks/23-dcb539adc48bad7a.js        31.3 kB
  ├ chunks/fd9d1056-5d28e7cef683116b.js  53.6 kB
  └ other shared chunks (total)          1.89 kB


○  (Static)  prerendered as static content

[?25h
